[2022-12-31 10:00:10,878] INFO [Controller id=0] Processing automatic preferred replica leader election (kafka.controller.KafkaController)
[2022-12-31 10:00:10,893] TRACE [Controller id=0] Checking need to trigger auto leader balancing (kafka.controller.KafkaController)
[2022-12-31 10:00:10,894] DEBUG [Controller id=0] Topics not in preferred replica for broker 0 Map() (kafka.controller.KafkaController)
[2022-12-31 10:00:10,894] TRACE [Controller id=0] Leader imbalance ratio for broker 0 is 0.0 (kafka.controller.KafkaController)
[2022-12-31 10:04:52,890] INFO [Controller id=0] Shutting down broker 0 (kafka.controller.KafkaController)
[2022-12-31 10:04:52,891] DEBUG [Controller id=0] All shutting down brokers: 0 (kafka.controller.KafkaController)
[2022-12-31 10:04:52,892] DEBUG [Controller id=0] Live brokers:  (kafka.controller.KafkaController)
[2022-12-31 10:04:52,902] TRACE [Controller id=0] All leaders = twitter-0 -> (Leader:0,ISR:0,LeaderRecoveryState:RECOVERED,LeaderEpoch:0,ZkVersion:0,ControllerEpoch:1) (kafka.controller.KafkaController)
[2022-12-31 10:04:53,254] INFO [ControllerEventThread controllerId=0] Shutting down (kafka.controller.ControllerEventManager$ControllerEventThread)
[2022-12-31 10:04:53,255] INFO [ControllerEventThread controllerId=0] Stopped (kafka.controller.ControllerEventManager$ControllerEventThread)
[2022-12-31 10:04:53,255] INFO [ControllerEventThread controllerId=0] Shutdown completed (kafka.controller.ControllerEventManager$ControllerEventThread)
[2022-12-31 10:04:53,255] DEBUG [Controller id=0] Resigning (kafka.controller.KafkaController)
[2022-12-31 10:04:53,255] DEBUG [Controller id=0] Unregister BrokerModifications handler for Set(0) (kafka.controller.KafkaController)
[2022-12-31 10:04:53,256] INFO [PartitionStateMachine controllerId=0] Stopped partition state machine (kafka.controller.ZkPartitionStateMachine)
[2022-12-31 10:04:53,256] INFO [ReplicaStateMachine controllerId=0] Stopped replica state machine (kafka.controller.ZkReplicaStateMachine)
[2022-12-31 10:04:53,256] INFO [RequestSendThread controllerId=0] Shutting down (kafka.controller.RequestSendThread)
[2022-12-31 10:04:53,257] INFO [RequestSendThread controllerId=0] Stopped (kafka.controller.RequestSendThread)
[2022-12-31 10:04:53,257] INFO [RequestSendThread controllerId=0] Shutdown completed (kafka.controller.RequestSendThread)
[2022-12-31 10:04:53,259] INFO [Controller id=0] Resigned (kafka.controller.KafkaController)
[2022-12-31 10:08:07,126] INFO [ControllerEventThread controllerId=0] Starting (kafka.controller.ControllerEventManager$ControllerEventThread)
[2022-12-31 10:08:07,165] INFO [Controller id=0] 0 successfully elected as the controller. Epoch incremented to 3 and epoch zk version is now 3 (kafka.controller.KafkaController)
[2022-12-31 10:08:07,166] INFO [Controller id=0] Registering handlers (kafka.controller.KafkaController)
[2022-12-31 10:08:07,170] INFO [Controller id=0] Deleting log dir event notifications (kafka.controller.KafkaController)
[2022-12-31 10:08:07,172] INFO [Controller id=0] Deleting isr change notifications (kafka.controller.KafkaController)
[2022-12-31 10:08:07,174] INFO [Controller id=0] Initializing controller context (kafka.controller.KafkaController)
[2022-12-31 10:08:07,186] INFO [Controller id=0] Initialized broker epochs cache: HashMap(0 -> 91) (kafka.controller.KafkaController)
[2022-12-31 10:08:07,201] DEBUG [Controller id=0] Register BrokerModifications handler for Set(0) (kafka.controller.KafkaController)
[2022-12-31 10:08:07,211] DEBUG [Channel manager on controller 0]: Controller 0 trying to connect to broker 0 (kafka.controller.ControllerChannelManager)
[2022-12-31 10:08:07,217] INFO [RequestSendThread controllerId=0] Starting (kafka.controller.RequestSendThread)
[2022-12-31 10:08:07,218] INFO [Controller id=0] Currently active brokers in the cluster: Set(0) (kafka.controller.KafkaController)
[2022-12-31 10:08:07,218] INFO [Controller id=0] Currently shutting brokers in the cluster: HashSet() (kafka.controller.KafkaController)
[2022-12-31 10:08:07,218] INFO [Controller id=0] Current list of topics in the cluster: HashSet(twitter) (kafka.controller.KafkaController)
[2022-12-31 10:08:07,219] INFO [Controller id=0] Fetching topic deletions in progress (kafka.controller.KafkaController)
[2022-12-31 10:08:07,222] INFO [Controller id=0] List of topics to be deleted:  (kafka.controller.KafkaController)
[2022-12-31 10:08:07,222] INFO [Controller id=0] List of topics ineligible for deletion:  (kafka.controller.KafkaController)
[2022-12-31 10:08:07,222] INFO [Controller id=0] Initializing topic deletion manager (kafka.controller.KafkaController)
[2022-12-31 10:08:07,222] INFO [Topic Deletion Manager 0] Initializing manager with initial deletions: Set(), initial ineligible deletions: HashSet() (kafka.controller.TopicDeletionManager)
[2022-12-31 10:08:07,223] INFO [Controller id=0] Sending update metadata request (kafka.controller.KafkaController)
[2022-12-31 10:08:07,231] INFO [ReplicaStateMachine controllerId=0] Initializing replica state (kafka.controller.ZkReplicaStateMachine)
[2022-12-31 10:08:07,235] INFO [ReplicaStateMachine controllerId=0] Triggering online replica state changes (kafka.controller.ZkReplicaStateMachine)
[2022-12-31 10:08:07,239] INFO [RequestSendThread controllerId=0] Controller 0 connected to 192.168.1.143:9092 (id: 0 rack: null) for sending state change requests (kafka.controller.RequestSendThread)
[2022-12-31 10:08:07,249] INFO [ReplicaStateMachine controllerId=0] Triggering offline replica state changes (kafka.controller.ZkReplicaStateMachine)
[2022-12-31 10:08:07,249] DEBUG [ReplicaStateMachine controllerId=0] Started replica state machine with initial state -> HashMap([Topic=twitter,Partition=0,Replica=0] -> OnlineReplica) (kafka.controller.ZkReplicaStateMachine)
[2022-12-31 10:08:07,249] INFO [PartitionStateMachine controllerId=0] Initializing partition state (kafka.controller.ZkPartitionStateMachine)
[2022-12-31 10:08:07,251] INFO [PartitionStateMachine controllerId=0] Triggering online partition state changes (kafka.controller.ZkPartitionStateMachine)
[2022-12-31 10:08:07,253] DEBUG [PartitionStateMachine controllerId=0] Started partition state machine with initial state -> HashMap(twitter-0 -> OnlinePartition) (kafka.controller.ZkPartitionStateMachine)
[2022-12-31 10:08:07,253] INFO [Controller id=0] Ready to serve as the new controller with epoch 3 (kafka.controller.KafkaController)
[2022-12-31 10:08:07,256] INFO [Controller id=0] Partitions undergoing preferred replica election:  (kafka.controller.KafkaController)
[2022-12-31 10:08:07,257] INFO [Controller id=0] Partitions that completed preferred replica election:  (kafka.controller.KafkaController)
[2022-12-31 10:08:07,257] INFO [Controller id=0] Skipping preferred replica election for partitions due to topic deletion:  (kafka.controller.KafkaController)
[2022-12-31 10:08:07,257] INFO [Controller id=0] Resuming preferred replica election for partitions:  (kafka.controller.KafkaController)
[2022-12-31 10:08:07,258] INFO [Controller id=0] Starting replica leader election (PREFERRED) for partitions  triggered by ZkTriggered (kafka.controller.KafkaController)
[2022-12-31 10:08:07,287] INFO [Controller id=0] Starting the controller scheduler (kafka.controller.KafkaController)
[2022-12-31 10:08:12,289] INFO [Controller id=0] Processing automatic preferred replica leader election (kafka.controller.KafkaController)
[2022-12-31 10:08:12,289] TRACE [Controller id=0] Checking need to trigger auto leader balancing (kafka.controller.KafkaController)
[2022-12-31 10:08:12,291] DEBUG [Controller id=0] Topics not in preferred replica for broker 0 Map() (kafka.controller.KafkaController)
[2022-12-31 10:08:12,292] TRACE [Controller id=0] Leader imbalance ratio for broker 0 is 0.0 (kafka.controller.KafkaController)
[2022-12-31 10:13:12,290] INFO [Controller id=0] Processing automatic preferred replica leader election (kafka.controller.KafkaController)
[2022-12-31 10:13:12,300] TRACE [Controller id=0] Checking need to trigger auto leader balancing (kafka.controller.KafkaController)
[2022-12-31 10:13:12,303] DEBUG [Controller id=0] Topics not in preferred replica for broker 0 Map() (kafka.controller.KafkaController)
[2022-12-31 10:13:12,321] TRACE [Controller id=0] Leader imbalance ratio for broker 0 is 0.0 (kafka.controller.KafkaController)
[2022-12-31 10:18:12,321] INFO [Controller id=0] Processing automatic preferred replica leader election (kafka.controller.KafkaController)
[2022-12-31 10:18:12,323] TRACE [Controller id=0] Checking need to trigger auto leader balancing (kafka.controller.KafkaController)
[2022-12-31 10:18:12,324] DEBUG [Controller id=0] Topics not in preferred replica for broker 0 Map() (kafka.controller.KafkaController)
[2022-12-31 10:18:12,324] TRACE [Controller id=0] Leader imbalance ratio for broker 0 is 0.0 (kafka.controller.KafkaController)
[2022-12-31 10:23:12,325] INFO [Controller id=0] Processing automatic preferred replica leader election (kafka.controller.KafkaController)
[2022-12-31 10:23:12,343] TRACE [Controller id=0] Checking need to trigger auto leader balancing (kafka.controller.KafkaController)
[2022-12-31 10:23:12,345] DEBUG [Controller id=0] Topics not in preferred replica for broker 0 Map() (kafka.controller.KafkaController)
[2022-12-31 10:23:12,364] TRACE [Controller id=0] Leader imbalance ratio for broker 0 is 0.0 (kafka.controller.KafkaController)
[2022-12-31 10:28:12,363] INFO [Controller id=0] Processing automatic preferred replica leader election (kafka.controller.KafkaController)
[2022-12-31 10:28:12,380] TRACE [Controller id=0] Checking need to trigger auto leader balancing (kafka.controller.KafkaController)
[2022-12-31 10:28:12,382] DEBUG [Controller id=0] Topics not in preferred replica for broker 0 Map() (kafka.controller.KafkaController)
[2022-12-31 10:28:12,401] TRACE [Controller id=0] Leader imbalance ratio for broker 0 is 0.0 (kafka.controller.KafkaController)
[2022-12-31 10:31:39,909] INFO [Controller id=0] Shutting down broker 0 (kafka.controller.KafkaController)
[2022-12-31 10:31:39,915] DEBUG [Controller id=0] All shutting down brokers: 0 (kafka.controller.KafkaController)
[2022-12-31 10:31:39,936] DEBUG [Controller id=0] Live brokers:  (kafka.controller.KafkaController)
[2022-12-31 10:31:39,945] TRACE [Controller id=0] All leaders = twitter-0 -> (Leader:0,ISR:0,LeaderRecoveryState:RECOVERED,LeaderEpoch:0,ZkVersion:0,ControllerEpoch:1) (kafka.controller.KafkaController)
[2022-12-31 10:31:40,369] INFO [ControllerEventThread controllerId=0] Shutting down (kafka.controller.ControllerEventManager$ControllerEventThread)
[2022-12-31 10:31:40,369] INFO [ControllerEventThread controllerId=0] Stopped (kafka.controller.ControllerEventManager$ControllerEventThread)
[2022-12-31 10:31:40,369] INFO [ControllerEventThread controllerId=0] Shutdown completed (kafka.controller.ControllerEventManager$ControllerEventThread)
[2022-12-31 10:31:40,370] DEBUG [Controller id=0] Resigning (kafka.controller.KafkaController)
[2022-12-31 10:31:40,370] DEBUG [Controller id=0] Unregister BrokerModifications handler for Set(0) (kafka.controller.KafkaController)
[2022-12-31 10:31:40,371] INFO [PartitionStateMachine controllerId=0] Stopped partition state machine (kafka.controller.ZkPartitionStateMachine)
[2022-12-31 10:31:40,372] INFO [ReplicaStateMachine controllerId=0] Stopped replica state machine (kafka.controller.ZkReplicaStateMachine)
[2022-12-31 10:31:40,373] INFO [RequestSendThread controllerId=0] Shutting down (kafka.controller.RequestSendThread)
[2022-12-31 10:31:40,374] INFO [RequestSendThread controllerId=0] Shutdown completed (kafka.controller.RequestSendThread)
[2022-12-31 10:31:40,374] INFO [RequestSendThread controllerId=0] Stopped (kafka.controller.RequestSendThread)
[2022-12-31 10:31:40,376] INFO [Controller id=0] Resigned (kafka.controller.KafkaController)
