[2022-11-19T01:02:43.759+0100][gc] Using G1
[2022-11-19T01:02:43.765+0100][gc,init] Version: 17+35 (release)
[2022-11-19T01:02:43.765+0100][gc,init] CPUs: 8 total, 8 available
[2022-11-19T01:02:43.765+0100][gc,init] Memory: 8192M
[2022-11-19T01:02:43.765+0100][gc,init] Large Page Support: Disabled
[2022-11-19T01:02:43.765+0100][gc,init] NUMA Support: Disabled
[2022-11-19T01:02:43.765+0100][gc,init] Compressed Oops: Enabled (Zero based)
[2022-11-19T01:02:43.765+0100][gc,init] Heap Region Size: 1M
[2022-11-19T01:02:43.765+0100][gc,init] Heap Min Capacity: 1G
[2022-11-19T01:02:43.765+0100][gc,init] Heap Initial Capacity: 1G
[2022-11-19T01:02:43.765+0100][gc,init] Heap Max Capacity: 1G
[2022-11-19T01:02:43.765+0100][gc,init] Pre-touch: Disabled
[2022-11-19T01:02:43.765+0100][gc,init] Parallel Workers: 8
[2022-11-19T01:02:43.765+0100][gc,init] Concurrent Workers: 2
[2022-11-19T01:02:43.765+0100][gc,init] Concurrent Refinement Workers: 8
[2022-11-19T01:02:43.765+0100][gc,init] Periodic GC: Disabled
[2022-11-19T01:02:43.765+0100][gc,metaspace] CDS archive(s) mapped at: [0x0000000800000000-0x0000000800bcd000-0x0000000800bcd000), size 12374016, SharedBaseAddress: 0x0000000800000000, ArchiveRelocationMode: 0.
[2022-11-19T01:02:43.765+0100][gc,metaspace] Compressed class space mapped at: 0x0000000800c00000-0x0000000840c00000, reserved size: 1073741824
[2022-11-19T01:02:43.765+0100][gc,metaspace] Narrow klass base: 0x0000000800000000, Narrow klass shift: 0, Narrow klass range: 0x100000000
[2022-11-19T01:02:44.879+0100][gc,start    ] GC(0) Pause Young (Normal) (G1 Evacuation Pause)
[2022-11-19T01:02:44.879+0100][gc,task     ] GC(0) Using 8 workers of 8 for evacuation
[2022-11-19T01:02:44.884+0100][gc,phases   ] GC(0)   Pre Evacuate Collection Set: 0.1ms
[2022-11-19T01:02:44.884+0100][gc,phases   ] GC(0)   Merge Heap Roots: 0.1ms
[2022-11-19T01:02:44.884+0100][gc,phases   ] GC(0)   Evacuate Collection Set: 3.6ms
[2022-11-19T01:02:44.884+0100][gc,phases   ] GC(0)   Post Evacuate Collection Set: 0.6ms
[2022-11-19T01:02:44.884+0100][gc,phases   ] GC(0)   Other: 0.6ms
[2022-11-19T01:02:44.884+0100][gc,heap     ] GC(0) Eden regions: 51->0(44)
[2022-11-19T01:02:44.884+0100][gc,heap     ] GC(0) Survivor regions: 0->7(7)
[2022-11-19T01:02:44.884+0100][gc,heap     ] GC(0) Old regions: 0->1
[2022-11-19T01:02:44.884+0100][gc,heap     ] GC(0) Archive regions: 2->2
[2022-11-19T01:02:44.884+0100][gc,heap     ] GC(0) Humongous regions: 0->0
[2022-11-19T01:02:44.884+0100][gc,metaspace] GC(0) Metaspace: 17676K(17856K)->17676K(17856K) NonClass: 15537K(15616K)->15537K(15616K) Class: 2139K(2240K)->2139K(2240K)
[2022-11-19T01:02:44.884+0100][gc          ] GC(0) Pause Young (Normal) (G1 Evacuation Pause) 51M->8M(1024M) 5.121ms
[2022-11-19T01:02:44.884+0100][gc,cpu      ] GC(0) User=0.02s Sys=0.01s Real=0.01s
[2022-11-19T01:02:45.070+0100][gc,start    ] GC(1) Pause Young (Concurrent Start) (Metadata GC Threshold)
[2022-11-19T01:02:45.070+0100][gc,task     ] GC(1) Using 8 workers of 8 for evacuation
[2022-11-19T01:02:45.075+0100][gc,phases   ] GC(1)   Pre Evacuate Collection Set: 0.1ms
[2022-11-19T01:02:45.075+0100][gc,phases   ] GC(1)   Merge Heap Roots: 0.1ms
[2022-11-19T01:02:45.075+0100][gc,phases   ] GC(1)   Evacuate Collection Set: 4.6ms
[2022-11-19T01:02:45.075+0100][gc,phases   ] GC(1)   Post Evacuate Collection Set: 0.4ms
[2022-11-19T01:02:45.075+0100][gc,phases   ] GC(1)   Other: 0.4ms
[2022-11-19T01:02:45.075+0100][gc,heap     ] GC(1) Eden regions: 14->0(49)
[2022-11-19T01:02:45.075+0100][gc,heap     ] GC(1) Survivor regions: 7->2(7)
[2022-11-19T01:02:45.075+0100][gc,heap     ] GC(1) Old regions: 1->7
[2022-11-19T01:02:45.075+0100][gc,heap     ] GC(1) Archive regions: 2->2
[2022-11-19T01:02:45.075+0100][gc,heap     ] GC(1) Humongous regions: 0->0
[2022-11-19T01:02:45.075+0100][gc,metaspace] GC(1) Metaspace: 21221K(21504K)->21221K(21504K) NonClass: 18615K(18752K)->18615K(18752K) Class: 2606K(2752K)->2606K(2752K)
[2022-11-19T01:02:45.075+0100][gc          ] GC(1) Pause Young (Concurrent Start) (Metadata GC Threshold) 21M->9M(1024M) 5.721ms
[2022-11-19T01:02:45.075+0100][gc,cpu      ] GC(1) User=0.02s Sys=0.01s Real=0.00s
[2022-11-19T01:02:45.076+0100][gc          ] GC(2) Concurrent Mark Cycle
[2022-11-19T01:02:45.076+0100][gc,marking  ] GC(2) Concurrent Clear Claimed Marks
[2022-11-19T01:02:45.076+0100][gc,marking  ] GC(2) Concurrent Clear Claimed Marks 0.038ms
[2022-11-19T01:02:45.076+0100][gc,marking  ] GC(2) Concurrent Scan Root Regions
[2022-11-19T01:02:45.078+0100][gc,marking  ] GC(2) Concurrent Scan Root Regions 2.089ms
[2022-11-19T01:02:45.078+0100][gc,marking  ] GC(2) Concurrent Mark
[2022-11-19T01:02:45.078+0100][gc,marking  ] GC(2) Concurrent Mark From Roots
[2022-11-19T01:02:45.078+0100][gc,task     ] GC(2) Using 2 workers of 2 for marking
[2022-11-19T01:02:45.079+0100][gc,marking  ] GC(2) Concurrent Mark From Roots 0.931ms
[2022-11-19T01:02:45.079+0100][gc,marking  ] GC(2) Concurrent Preclean
[2022-11-19T01:02:45.079+0100][gc,marking  ] GC(2) Concurrent Preclean 0.025ms
[2022-11-19T01:02:45.079+0100][gc,start    ] GC(2) Pause Remark
[2022-11-19T01:02:45.080+0100][gc          ] GC(2) Pause Remark 9M->9M(1024M) 1.115ms
[2022-11-19T01:02:45.080+0100][gc,cpu      ] GC(2) User=0.00s Sys=0.00s Real=0.01s
[2022-11-19T01:02:45.080+0100][gc,marking  ] GC(2) Concurrent Mark 2.301ms
[2022-11-19T01:02:45.080+0100][gc,marking  ] GC(2) Concurrent Rebuild Remembered Sets
[2022-11-19T01:02:45.080+0100][gc,marking  ] GC(2) Concurrent Rebuild Remembered Sets 0.007ms
[2022-11-19T01:02:45.080+0100][gc,start    ] GC(2) Pause Cleanup
[2022-11-19T01:02:45.080+0100][gc          ] GC(2) Pause Cleanup 9M->9M(1024M) 0.022ms
[2022-11-19T01:02:45.080+0100][gc,cpu      ] GC(2) User=0.00s Sys=0.00s Real=0.00s
[2022-11-19T01:02:45.080+0100][gc,marking  ] GC(2) Concurrent Cleanup for Next Mark
[2022-11-19T01:02:45.085+0100][gc,marking  ] GC(2) Concurrent Cleanup for Next Mark 4.917ms
[2022-11-19T01:02:45.085+0100][gc          ] GC(2) Concurrent Mark Cycle 9.661ms
[2022-11-19T01:02:46.932+0100][gc,start    ] GC(3) Pause Young (Normal) (G1 Evacuation Pause)
[2022-11-19T01:02:46.932+0100][gc,task     ] GC(3) Using 8 workers of 8 for evacuation
[2022-11-19T01:02:46.936+0100][gc,phases   ] GC(3)   Pre Evacuate Collection Set: 0.1ms
[2022-11-19T01:02:46.936+0100][gc,phases   ] GC(3)   Merge Heap Roots: 0.1ms
[2022-11-19T01:02:46.936+0100][gc,phases   ] GC(3)   Evacuate Collection Set: 2.4ms
[2022-11-19T01:02:46.936+0100][gc,phases   ] GC(3)   Post Evacuate Collection Set: 0.5ms
[2022-11-19T01:02:46.936+0100][gc,phases   ] GC(3)   Other: 0.2ms
[2022-11-19T01:02:46.936+0100][gc,heap     ] GC(3) Eden regions: 49->0(45)
[2022-11-19T01:02:46.936+0100][gc,heap     ] GC(3) Survivor regions: 2->6(7)
[2022-11-19T01:02:46.936+0100][gc,heap     ] GC(3) Old regions: 7->7
[2022-11-19T01:02:46.936+0100][gc,heap     ] GC(3) Archive regions: 2->2
[2022-11-19T01:02:46.936+0100][gc,heap     ] GC(3) Humongous regions: 129->129
[2022-11-19T01:02:46.936+0100][gc,metaspace] GC(3) Metaspace: 30225K(30464K)->30225K(30464K) NonClass: 26737K(26880K)->26737K(26880K) Class: 3488K(3584K)->3488K(3584K)
[2022-11-19T01:02:46.936+0100][gc          ] GC(3) Pause Young (Normal) (G1 Evacuation Pause) 187M->141M(1024M) 3.361ms
[2022-11-19T01:02:46.936+0100][gc,cpu      ] GC(3) User=0.01s Sys=0.00s Real=0.00s
[2022-11-19T01:02:47.223+0100][gc,start    ] GC(4) Pause Young (Concurrent Start) (GCLocker Initiated GC)
[2022-11-19T01:02:47.223+0100][gc,task     ] GC(4) Using 8 workers of 8 for evacuation
[2022-11-19T01:02:47.230+0100][gc,phases   ] GC(4)   Pre Evacuate Collection Set: 0.1ms
[2022-11-19T01:02:47.230+0100][gc,phases   ] GC(4)   Merge Heap Roots: 0.1ms
[2022-11-19T01:02:47.230+0100][gc,phases   ] GC(4)   Evacuate Collection Set: 5.5ms
[2022-11-19T01:02:47.230+0100][gc,phases   ] GC(4)   Post Evacuate Collection Set: 0.5ms
[2022-11-19T01:02:47.230+0100][gc,phases   ] GC(4)   Other: 0.2ms
[2022-11-19T01:02:47.230+0100][gc,heap     ] GC(4) Eden regions: 24->0(48)
[2022-11-19T01:02:47.230+0100][gc,heap     ] GC(4) Survivor regions: 6->3(7)
[2022-11-19T01:02:47.230+0100][gc,heap     ] GC(4) Old regions: 7->12
[2022-11-19T01:02:47.230+0100][gc,heap     ] GC(4) Archive regions: 2->2
[2022-11-19T01:02:47.230+0100][gc,heap     ] GC(4) Humongous regions: 129->129
[2022-11-19T01:02:47.230+0100][gc,metaspace] GC(4) Metaspace: 35796K(36160K)->35796K(36160K) NonClass: 31659K(31808K)->31659K(31808K) Class: 4137K(4352K)->4137K(4352K)
[2022-11-19T01:02:47.230+0100][gc          ] GC(4) Pause Young (Concurrent Start) (GCLocker Initiated GC) 165M->143M(1024M) 6.555ms
[2022-11-19T01:02:47.230+0100][gc,cpu      ] GC(4) User=0.04s Sys=0.00s Real=0.01s
[2022-11-19T01:02:47.230+0100][gc          ] GC(5) Concurrent Mark Cycle
[2022-11-19T01:02:47.230+0100][gc,marking  ] GC(5) Concurrent Clear Claimed Marks
[2022-11-19T01:02:47.230+0100][gc,marking  ] GC(5) Concurrent Clear Claimed Marks 0.028ms
[2022-11-19T01:02:47.230+0100][gc,marking  ] GC(5) Concurrent Scan Root Regions
[2022-11-19T01:02:47.234+0100][gc,marking  ] GC(5) Concurrent Scan Root Regions 4.058ms
[2022-11-19T01:02:47.234+0100][gc,marking  ] GC(5) Concurrent Mark
[2022-11-19T01:02:47.234+0100][gc,marking  ] GC(5) Concurrent Mark From Roots
[2022-11-19T01:02:47.234+0100][gc,task     ] GC(5) Using 2 workers of 2 for marking
[2022-11-19T01:02:47.242+0100][gc,marking  ] GC(5) Concurrent Mark From Roots 8.133ms
[2022-11-19T01:02:47.255+0100][gc,marking  ] GC(5) Concurrent Preclean
[2022-11-19T01:02:47.255+0100][gc,marking  ] GC(5) Concurrent Preclean 0.226ms
[2022-11-19T01:02:47.256+0100][gc,start    ] GC(5) Pause Remark
[2022-11-19T01:02:47.258+0100][gc          ] GC(5) Pause Remark 145M->145M(1024M) 1.356ms
[2022-11-19T01:02:47.258+0100][gc,cpu      ] GC(5) User=0.01s Sys=0.00s Real=0.00s
[2022-11-19T01:02:47.258+0100][gc,marking  ] GC(5) Concurrent Mark 23.780ms
[2022-11-19T01:02:47.258+0100][gc,marking  ] GC(5) Concurrent Rebuild Remembered Sets
[2022-11-19T01:02:47.263+0100][gc,marking  ] GC(5) Concurrent Rebuild Remembered Sets 5.167ms
[2022-11-19T01:02:47.263+0100][gc,start    ] GC(5) Pause Cleanup
[2022-11-19T01:02:47.263+0100][gc          ] GC(5) Pause Cleanup 146M->146M(1024M) 0.116ms
[2022-11-19T01:02:47.263+0100][gc,cpu      ] GC(5) User=0.00s Sys=0.00s Real=0.00s
[2022-11-19T01:02:47.264+0100][gc,marking  ] GC(5) Concurrent Cleanup for Next Mark
[2022-11-19T01:02:47.270+0100][gc,marking  ] GC(5) Concurrent Cleanup for Next Mark 6.704ms
[2022-11-19T01:02:47.270+0100][gc          ] GC(5) Concurrent Mark Cycle 40.360ms
[2022-11-19T01:07:17.152+0100][gc,heap,exit] Heap
[2022-11-19T01:07:17.152+0100][gc,heap,exit]  garbage-first heap   total 1048576K, used 184098K [0x00000007c0000000, 0x0000000800000000)
[2022-11-19T01:07:17.152+0100][gc,heap,exit]   region size 1024K, 33 young (33792K), 3 survivors (3072K)
[2022-11-19T01:07:17.152+0100][gc,heap,exit]  Metaspace       used 38529K, committed 38976K, reserved 1089536K
[2022-11-19T01:07:17.152+0100][gc,heap,exit]   class space    used 4623K, committed 4864K, reserved 1048576K
