[2022-12-31 10:04:53,042] INFO Shutting down the log cleaner. (kafka.log.LogCleaner)
[2022-12-31 10:04:53,044] INFO [kafka-log-cleaner-thread-0]: Shutting down (kafka.log.LogCleaner)
[2022-12-31 10:04:53,044] INFO [kafka-log-cleaner-thread-0]: Stopped (kafka.log.LogCleaner)
[2022-12-31 10:04:53,044] INFO [kafka-log-cleaner-thread-0]: Shutdown completed (kafka.log.LogCleaner)
[2022-12-31 10:07:30,413] INFO Starting the log cleaner (kafka.log.LogCleaner)
[2022-12-31 10:07:30,481] INFO [kafka-log-cleaner-thread-0]: Starting (kafka.log.LogCleaner)
[2022-12-31 10:07:31,043] INFO Shutting down the log cleaner. (kafka.log.LogCleaner)
[2022-12-31 10:07:31,043] INFO [kafka-log-cleaner-thread-0]: Shutting down (kafka.log.LogCleaner)
[2022-12-31 10:07:31,044] INFO [kafka-log-cleaner-thread-0]: Stopped (kafka.log.LogCleaner)
[2022-12-31 10:07:31,044] INFO [kafka-log-cleaner-thread-0]: Shutdown completed (kafka.log.LogCleaner)
[2022-12-31 10:07:38,752] INFO Starting the log cleaner (kafka.log.LogCleaner)
[2022-12-31 10:07:38,817] INFO [kafka-log-cleaner-thread-0]: Starting (kafka.log.LogCleaner)
[2022-12-31 10:07:39,261] INFO Shutting down the log cleaner. (kafka.log.LogCleaner)
[2022-12-31 10:07:39,261] INFO [kafka-log-cleaner-thread-0]: Shutting down (kafka.log.LogCleaner)
[2022-12-31 10:07:39,262] INFO [kafka-log-cleaner-thread-0]: Stopped (kafka.log.LogCleaner)
[2022-12-31 10:07:39,262] INFO [kafka-log-cleaner-thread-0]: Shutdown completed (kafka.log.LogCleaner)
[2022-12-31 10:08:06,528] INFO Starting the log cleaner (kafka.log.LogCleaner)
[2022-12-31 10:08:06,601] INFO [kafka-log-cleaner-thread-0]: Starting (kafka.log.LogCleaner)
[2022-12-31 10:31:40,145] INFO Shutting down the log cleaner. (kafka.log.LogCleaner)
[2022-12-31 10:31:40,146] INFO [kafka-log-cleaner-thread-0]: Shutting down (kafka.log.LogCleaner)
[2022-12-31 10:31:40,146] INFO [kafka-log-cleaner-thread-0]: Stopped (kafka.log.LogCleaner)
[2022-12-31 10:31:40,146] INFO [kafka-log-cleaner-thread-0]: Shutdown completed (kafka.log.LogCleaner)
